Using pre-set license
Built from '2020.2/release' branch; Version is '2020.2.2f1 (068178b99f32) revision 426360'; Using compiler version '192528614'; Build Type 'Release'
OS: 'Windows 7  (6.1.0) 64bit' Language: 'pl' Physical Memory: 16327 MB
BatchMode: 1, IsHumanControllingUs: 0, StartBugReporterOnCrash: 0, Is64bit: 1, IsPro: 0

 COMMAND LINE ARGUMENTS:
E:\Program Files\2020.2.2f1\Editor\Unity.exe
-adb2
-batchMode
-noUpm
-name
AssetImportWorker0
-projectPath
E:/OsaX/Projekty/Gamedev/Test Challenges/HyperStrange - Programista/Space Invaders/Space Invaders
-logFile
Logs/AssetImportWorker0.log
-srvPort
56547
Successfully changed project path to: E:/OsaX/Projekty/Gamedev/Test Challenges/HyperStrange - Programista/Space Invaders/Space Invaders
E:/OsaX/Projekty/Gamedev/Test Challenges/HyperStrange - Programista/Space Invaders/Space Invaders
Using Asset Import Pipeline V2.
Refreshing native plugins compatible for Editor in 32.66 ms, found 0 plugins.
Preloading 0 native plugins for Editor in 0.00 ms.
Initialize engine version: 2020.2.2f1 (068178b99f32)
[Subsystems] Discovering subsystems at path E:/Program Files/2020.2.2f1/Editor/Data/Resources/UnitySubsystems
[Subsystems] Discovering subsystems at path E:/OsaX/Projekty/Gamedev/Test Challenges/HyperStrange - Programista/Space Invaders/Space Invaders/Assets
GfxDevice: creating device client; threaded=0
d3d11: CreateDXGIFactory2(...) not found, fallbacking to CreateDXGIFactory1(...).
d3d11: QueryInterface(IDXGIFactory5) failed (80004002).
Direct3D:
    Version:  Direct3D 11.0 [level 11.0]
    Renderer: NVIDIA GeForce GTX 970 (ID=0x13c2)
    Vendor:   
    VRAM:     3992 MB
    Driver:   27.21.14.5655
Initialize mono
Mono path[0] = 'E:/Program Files/2020.2.2f1/Editor/Data/Managed'
Mono path[1] = 'E:/Program Files/2020.2.2f1/Editor/Data/MonoBleedingEdge/lib/mono/unityjit'
Mono config path = 'E:/Program Files/2020.2.2f1/Editor/Data/MonoBleedingEdge/etc'
Using monoOptions --debugger-agent=transport=dt_socket,embedding=1,server=y,suspend=n,address=127.0.0.1:56252
Begin MonoManager ReloadAssembly
Registering precompiled unity dll's ...
Register platform support module: E:/Program Files/2020.2.2f1/Editor/Data/PlaybackEngines/WebGLSupport/UnityEditor.WebGL.Extensions.dll
Register platform support module: E:/Program Files/2020.2.2f1/Editor/Data/PlaybackEngines/WindowsStandaloneSupport/UnityEditor.WindowsStandalone.Extensions.dll
Registered in 0.000784 seconds.
Native extension for WindowsStandalone target not found
Native extension for WebGL target not found
Refreshing native plugins compatible for Editor in 30.34 ms, found 0 plugins.
Preloading 0 native plugins for Editor in 0.00 ms.
Invoked RoslynAnalysisRunner static constructor.
RoslynAnalysisRunner will not be running.
RoslynAnalysisRunner has terminated.
Mono: successfully reloaded assembly
- Completed reload, in  1.309 seconds
Platform modules already initialized, skipping
Registering precompiled user dll's ...
Registered in 0.000568 seconds.
Begin MonoManager ReloadAssembly
Native extension for WindowsStandalone target not found
Native extension for WebGL target not found
Refreshing native plugins compatible for Editor in 0.34 ms, found 0 plugins.
Preloading 0 native plugins for Editor in 0.00 ms.
Invoked RoslynAnalysisRunner static constructor.
RoslynAnalysisRunner will not be running.
RoslynAnalysisRunner has terminated.
Mono: successfully reloaded assembly
- Completed reload, in  1.316 seconds
Platform modules already initialized, skipping
========================================================================
Worker process is ready to serve import requests
Launched and connected shader compiler UnityShaderCompiler.exe after 0.12 seconds
Refreshing native plugins compatible for Editor in 0.29 ms, found 0 plugins.
Preloading 0 native plugins for Editor in 0.00 ms.
Unloading 1482 Unused Serialized files (Serialized files now loaded: 0)
System memory in use before: 73.7 MB.
System memory in use after: 73.7 MB.

Unloading 68 unused Assets to reduce memory usage. Loaded Objects now: 1920.
Total: 3.937651 ms (FindLiveObjects: 0.152114 ms CreateObjectMapping: 0.056502 ms MarkObjects: 2.070305 ms  DeleteObjects: 1.653911 ms)

========================================================================
Received Import Request.
  path: Assets/Scripts/Enemy.cs
  artifactKey: Guid(4546d4e414e954f4997d80f11996d612) Importer(815301076,1909f56bfc062723c751e8b465ee728b)
Start importing Assets/Scripts/Enemy.cs using Guid(4546d4e414e954f4997d80f11996d612) Importer(815301076,1909f56bfc062723c751e8b465ee728b)  -> (artifact id: '3583386a2e6947ac1c8438945f2cb843') in 0.026222 seconds
  Import took 0.028720 seconds .

AssetImportWorkerClient::OnTransportError - code=2 error=End of file
